<?xml version="1.0" encoding="UTF-8"?>
<testsuite xmlns:xsi="http://www.w3.org/2001/XMLSchema-instance" xsi:schemaLocation="https://maven.apache.org/surefire/maven-surefire-plugin/xsd/surefire-test-report.xsd" name="bahikhatautilities.test.datetimeutilities.test.BahiKhataUtilitiesDateTimeUtilityTest" time="0.733" tests="2" errors="0" skipped="0" failures="0">
  <properties>
[...]
</properties>
  <testcase name="test" classname="bahikhatautilities.test.datetimeutilities.test.BahiKhataUtilitiesDateTimeUtilityTest" time="0.65"/>
  <testcase name="testGetCurrentDateString" classname="bahikhatautilities.test.datetimeutilities.test.BahiKhataUtilitiesDateTimeUtilityTest" time="0"/>
</testsuite>